<?xml version="1.0" encoding="UTF-8"?>
<!-- Generated by org.testng.reporters.JUnitReportReporter -->
<testsuite hostname="LIN51016443" failures="0" tests="1" name="SeleniumGrid.Nodes" time="14.991" errors="0" timestamp="2024-08-11T17:08:35 IST" skipped="0">
  <testcase classname="SeleniumGrid.Nodes" name="node1" time="14.991"/>
</testsuite> <!-- SeleniumGrid.Nodes -->
