<?xml version="1.0" encoding="UTF-8"?>
<!-- Generated by org.testng.reporters.JUnitReportReporter -->
<testsuite hostname="LIN51016443" failures="0" tests="3" name="RahulshettyAcademy.tests.BaseorderTest" time="29.621" errors="0" timestamp="2024-08-13T18:17:46 IST" skipped="0">
  <testcase classname="RahulshettyAcademy.tests.BaseorderTest" name="Testcase" time="12.581"/>
  <testcase classname="RahulshettyAcademy.tests.BaseorderTest" name="OrderHistoryTest" time="6.146"/>
  <testcase classname="RahulshettyAcademy.tests.BaseorderTest" name="Testcase" time="10.894"/>
</testsuite> <!-- RahulshettyAcademy.tests.BaseorderTest -->
