<?xml version="1.0" encoding="UTF-8"?>
<!-- Generated by org.testng.reporters.JUnitReportReporter -->
<testsuite hostname="LIN51016443" failures="0" tests="2" name="Cucumber.TestRunner" time="22.391" errors="0" timestamp="2024-08-16T10:47:51 IST" skipped="0">
  <testcase classname="Cucumber.TestRunner" name="runScenario" time="13.051"/>
  <testcase classname="Cucumber.TestRunner" name="runScenario" time="9.340"/>
</testsuite> <!-- Cucumber.TestRunner -->
