<?xml version="1.0" encoding="UTF-8"?>
<!-- Generated by org.testng.reporters.JUnitReportReporter -->
<testsuite hostname="LIN51016443" failures="0" tests="1" name="SeleniumGrid.nodes2" time="10.277" errors="0" timestamp="2024-08-11T17:08:35 IST" skipped="0">
  <testcase classname="SeleniumGrid.nodes2" name="edgedriver" time="10.277"/>
</testsuite> <!-- SeleniumGrid.nodes2 -->
