<?xml version="1.0" encoding="UTF-8"?>
<!-- Generated by org.testng.reporters.JUnitReportReporter -->
<testsuite hostname="LIN51016443" failures="0" tests="2" name="Cucumber.TestRunner" time="25.756" errors="0" timestamp="2024-08-16T09:29:06 IST" skipped="0">
  <testcase classname="Cucumber.TestRunner" name="runScenario" time="10.784"/>
  <testcase classname="Cucumber.TestRunner" name="runScenario" time="14.972"/>
</testsuite> <!-- Cucumber.TestRunner -->
